Chunk (-1,-1): 0 contours, 0 vertices, 1664/4096 solid (40,6%)
Chunk (-1,0): 0 contours, 0 vertices, 1961/4096 solid (47,9%)
Chunk (-1,1): 0 contours, 0 vertices, 1750/4096 solid (42,7%)
Chunk (0,-1): 0 contours, 0 vertices, 1199/4096 solid (29,3%)
Chunk (0,0): 0 contours, 0 vertices, 1728/4096 solid (42,2%)
Chunk (0,1): 0 contours, 0 vertices, 597/4096 solid (14,6%)
Chunk (1,-1): 0 contours, 0 vertices, 1587/4096 solid (38,7%)
Chunk (1,0): 0 contours, 0 vertices, 1853/4096 solid (45,2%)
Chunk (1,1): 0 contours, 0 vertices, 1017/4096 solid (24,8%)
INFO: FILEIO: [Images/full_map.png] File saved successfully
INFO: FILEIO: [Images/full_map.png] Image exported successfully
Saved full map visualization: Images/full_map.png (4608x1536)
INFO: Initializing raylib 5.5
INFO: Platform backend: DESKTOP (GLFW)
INFO: Supported raylib modules:
INFO:     > rcore:..... loaded (mandatory)
INFO:     > rlgl:...... loaded (mandatory)
INFO:     > rshapes:... loaded (optional)
INFO:     > rtextures:. loaded (optional)
INFO:     > rtext:..... loaded (optional)
INFO:     > rmodels:... loaded (optional)
INFO:     > raudio:.... loaded (optional)
INFO: DISPLAY: Device initialized successfully
INFO:     > Display size: 5120 x 1440
INFO:     > Screen size:  2000 x 1000
INFO:     > Render size:  2000 x 1000
INFO:     > Viewport offsets: 0, 0
INFO: GLAD: OpenGL extensions loaded successfully
INFO: GL: Supported extensions count: 403
INFO: GL: OpenGL device information:
INFO:     > Vendor:   NVIDIA Corporation
INFO:     > Renderer: NVIDIA GeForce RTX 5080/PCIe/SSE2
INFO:     > Version:  3.3.0 NVIDIA 580.88
INFO:     > GLSL:     3.30 NVIDIA via Cg compiler
INFO: GL: VAO extension detected, VAO functions loaded successfully
INFO: GL: NPOT textures extension detected, full NPOT textures supported
INFO: GL: DXT compressed textures supported
INFO: GL: ETC2/EAC compressed textures supported
INFO: PLATFORM: DESKTOP (GLFW - Win32): Initialized successfully
INFO: TEXTURE: [ID 1] Texture loaded successfully (1x1 | R8G8B8A8 | 1 mipmaps)
INFO: TEXTURE: [ID 1] Default texture loaded successfully
INFO: SHADER: [ID 1] Vertex shader compiled successfully
INFO: SHADER: [ID 2] Fragment shader compiled successfully
INFO: SHADER: [ID 3] Program shader loaded successfully
INFO: SHADER: [ID 3] Default shader loaded successfully
INFO: RLGL: Render batch vertex buffers loaded successfully in RAM (CPU)
INFO: RLGL: Render batch vertex buffers loaded successfully in VRAM (GPU)
INFO: RLGL: Default OpenGL state initialized successfully
INFO: TEXTURE: [ID 2] Texture loaded successfully (128x128 | GRAY_ALPHA | 1 mipmaps)
INFO: FONT: Default font loaded successfully (224 glyphs)
INFO: SYSTEM: Working Directory: C:\Users\JohnS\RiderProjects\Cavetronic\Cavetronic
INFO: TIMER: Target time per frame: 8.333 milliseconds
INFO: FILEIO: [C:\Users\JohnS\RiderProjects\Cavetronic\Cavetronic/game_screenshot.png] File saved successfully
INFO: FILEIO: [C:\Users\JohnS\RiderProjects\Cavetronic\Cavetronic/game_screenshot.png] Image exported successfully
INFO: SYSTEM: [C:\Users\JohnS\RiderProjects\Cavetronic\Cavetronic/game_screenshot.png] Screenshot taken successfully
Screenshot saved: Images/game_screenshot.png
